
Showing logs for build [32mjxbitcoder-environment-cluster1-kdmdb-1[0m stage [32mfrom-build-pack[0m and container [32mstep-credential-initializer-wfv6z[0m
{"level":"warn","ts":1584272365.4040968,"logger":"fallback-logger","caller":"logging/config.go:69","msg":"Fetch GitHub commit ID from kodata failed: \"ref: refs/heads/0.8.0-**-support-backwards-incompats\" is not a valid GitHub commit ID"}
{"level":"info","ts":1584272365.406123,"logger":"fallback-logger","caller":"creds-init/main.go:40","msg":"Credentials initialized."}

Showing logs for build [32mjxbitcoder-environment-cluster1-kdmdb-1[0m stage [32mfrom-build-pack[0m and container [32mstep-working-dir-initializer-7qv2x[0m
{"level":"warn","ts":1584272366.9163232,"logger":"fallback-logger","caller":"logging/config.go:69","msg":"Fetch GitHub commit ID from kodata failed: open /var/run/ko/HEAD: no such file or directory"}
{"level":"info","ts":1584272366.9202566,"logger":"fallback-logger","caller":"bash/main.go:64","msg":"Successfully executed command \"sh -c mkdir -p /workspace/source\"; output "}

Showing logs for build [32mjxbitcoder-environment-cluster1-kdmdb-1[0m stage [32mfrom-build-pack[0m and container [32mstep-place-tools[0m

Showing logs for build [32mjxbitcoder-environment-cluster1-kdmdb-1[0m stage [32mfrom-build-pack[0m and container [32mstep-git-source-jxbitcoder-environment-cluster1-kdmdb-zg99n[0m
{"level":"warn","ts":1584272371.0116255,"logger":"fallback-logger","caller":"logging/config.go:69","msg":"Fetch GitHub commit ID from kodata failed: \"ref: refs/heads/0.8.0-**-support-backwards-incompats\" is not a valid GitHub commit ID"}
{"level":"info","ts":1584272372.2768416,"logger":"fallback-logger","caller":"git/git.go:103","msg":"Successfully cloned https://github.com/**bitcoder/environment-cluster1-staging.git @ master in path /workspace/source"}

Showing logs for build [32mjxbitcoder-environment-cluster1-kdmdb-1[0m stage [32mfrom-build-pack[0m and container [32mstep-git-merge[0m
Using SHAs from PULL_REFS=master:f760cb47ee489762df78cbc6cadd615e1c9b9fbf,1:625142be9de0de8b85848af73ced142907ff9145
DEBUG: LC_ALL=C JX_LOG_LEVEL=error git fetch origin --unshallow 625142be9de0de8b85848af73ced142907ff9145: f760cb47ee489762df78cbc6cadd615e1c9b9fbf:
DEBUG: ran git fetch --unshallow origin 625142be9de0de8b85848af73ced142907ff9145: f760cb47ee489762df78cbc6cadd615e1c9b9fbf: in 
DEBUG: LC_ALL=C JX_LOG_LEVEL=error git branch
DEBUG: LC_ALL=C JX_LOG_LEVEL=error git checkout master
DEBUG: ran git checkout master in 
DEBUG: LC_ALL=C JX_LOG_LEVEL=error git reset --hard f760cb47ee489762df78cbc6cadd615e1c9b9fbf
DEBUG: ran git reset --hard f760cb47ee489762df78cbc6cadd615e1c9b9fbf in 
DEBUG: LC_ALL=C JX_LOG_LEVEL=error git clean -fd .
DEBUG: ran clean --force -d . in 
DEBUG: LC_ALL=C JX_LOG_LEVEL=error git merge 625142be9de0de8b85848af73ced142907ff9145
DEBUG: ran git merge 625142be9de0de8b85848af73ced142907ff9145 in 
DEBUG: LC_ALL=C JX_LOG_LEVEL=error git log --format=%H%x1f%an%x1f%ae%x1f%cn%x1f%ce%x1f%s%n%b%x1e f760cb47ee489762df78cbc6cadd615e1c9b9fbf..HEAD
Merged SHA 625142be9de0de8b85848af73ced142907ff9145 with commit message 'chore: Promote **-tutorial to version 0.0.1' into base branch master

Showing logs for build [32mjxbitcoder-environment-cluster1-kdmdb-1[0m stage [32mfrom-build-pack[0m and container [32mstep-build-helm-build[0m
WARNING: No $CHART_REPOSITORY defined so using the default value of: http://jenkins-x-chartmuseum:8080
Adding missing Helm repo: storage.googleapis.com https://storage.googleapis.com/chartmuseum.jenkins-x.io
Successfully added Helm repository storage.googleapis.com.
Adding missing Helm repo: jenkins-x-chartmuseum http://jenkins-x-chartmuseum:8080
Successfully added Helm repository jenkins-x-chartmuseum.
WARNING: No $CHART_REPOSITORY defined so using the default value of: http://jenkins-x-chartmuseum:8080
Adding missing Helm repo: chartmuseum.jenkins-x.io http://chartmuseum.jenkins-x.io
Successfully added Helm repository chartmuseum.jenkins-x.io.
