
Showing logs for build [32mjxbitcoder-environment-cluster1-tnz6j-1[0m stage [32mfrom-build-pack[0m and container [32mstep-credential-initializer-65p8f[0m
{"level":"warn","ts":1584301024.6440494,"logger":"fallback-logger","caller":"logging/config.go:69","msg":"Fetch GitHub commit ID from kodata failed: \"ref: refs/heads/0.8.0-**-support-backwards-incompats\" is not a valid GitHub commit ID"}
{"level":"info","ts":1584301024.6446393,"logger":"fallback-logger","caller":"creds-init/main.go:40","msg":"Credentials initialized."}

Showing logs for build [32mjxbitcoder-environment-cluster1-tnz6j-1[0m stage [32mfrom-build-pack[0m and container [32mstep-working-dir-initializer-hprhl[0m
{"level":"warn","ts":1584301025.6688151,"logger":"fallback-logger","caller":"logging/config.go:69","msg":"Fetch GitHub commit ID from kodata failed: open /var/run/ko/HEAD: no such file or directory"}
{"level":"info","ts":1584301025.6707895,"logger":"fallback-logger","caller":"bash/main.go:64","msg":"Successfully executed command \"sh -c mkdir -p /workspace/source\"; output "}

Showing logs for build [32mjxbitcoder-environment-cluster1-tnz6j-1[0m stage [32mfrom-build-pack[0m and container [32mstep-place-tools[0m

Showing logs for build [32mjxbitcoder-environment-cluster1-tnz6j-1[0m stage [32mfrom-build-pack[0m and container [32mstep-git-source-jxbitcoder-environment-cluster1-tnz6j-l2jv9[0m
{"level":"warn","ts":1584301030.9099753,"logger":"fallback-logger","caller":"logging/config.go:69","msg":"Fetch GitHub commit ID from kodata failed: \"ref: refs/heads/0.8.0-**-support-backwards-incompats\" is not a valid GitHub commit ID"}
{"level":"info","ts":1584301031.9742217,"logger":"fallback-logger","caller":"git/git.go:103","msg":"Successfully cloned https://github.com/**bitcoder/environment-cluster1-staging.git @ master in path /workspace/source"}

Showing logs for build [32mjxbitcoder-environment-cluster1-tnz6j-1[0m stage [32mfrom-build-pack[0m and container [32mstep-git-merge[0m
Using SHAs from PULL_REFS=master:612496faec6bd24afced1244688aa05d31e095eb,6:261db0104ec81232ebefdc0d72cfd6936b3bbc9e
DEBUG: LC_ALL=C JX_LOG_LEVEL=error git fetch origin --unshallow 261db0104ec81232ebefdc0d72cfd6936b3bbc9e: 612496faec6bd24afced1244688aa05d31e095eb:
DEBUG: ran git fetch --unshallow origin 261db0104ec81232ebefdc0d72cfd6936b3bbc9e: 612496faec6bd24afced1244688aa05d31e095eb: in 
DEBUG: JX_LOG_LEVEL=error LC_ALL=C git branch
DEBUG: LC_ALL=C JX_LOG_LEVEL=error git checkout master
DEBUG: ran git checkout master in 
DEBUG: LC_ALL=C JX_LOG_LEVEL=error git reset --hard 612496faec6bd24afced1244688aa05d31e095eb
DEBUG: ran git reset --hard 612496faec6bd24afced1244688aa05d31e095eb in 
DEBUG: JX_LOG_LEVEL=error LC_ALL=C git clean -fd .
DEBUG: ran clean --force -d . in 
DEBUG: LC_ALL=C JX_LOG_LEVEL=error git merge 261db0104ec81232ebefdc0d72cfd6936b3bbc9e
DEBUG: ran git merge 261db0104ec81232ebefdc0d72cfd6936b3bbc9e in 
DEBUG: JX_LOG_LEVEL=error LC_ALL=C git log --format=%H%x1f%an%x1f%ae%x1f%cn%x1f%ce%x1f%s%n%b%x1e 612496faec6bd24afced1244688aa05d31e095eb..HEAD
Merged SHA 261db0104ec81232ebefdc0d72cfd6936b3bbc9e with commit message 'chore: Promote **-tutorial to version 0.0.6' into base branch master

Showing logs for build [32mjxbitcoder-environment-cluster1-tnz6j-1[0m stage [32mfrom-build-pack[0m and container [32mstep-build-helm-build[0m
WARNING: No $CHART_REPOSITORY defined so using the default value of: http://jenkins-x-chartmuseum:8080
Adding missing Helm repo: storage.googleapis.com https://storage.googleapis.com/chartmuseum.jenkins-x.io
Successfully added Helm repository storage.googleapis.com.
Adding missing Helm repo: jenkins-x-chartmuseum http://jenkins-x-chartmuseum:8080
Successfully added Helm repository jenkins-x-chartmuseum.
WARNING: No $CHART_REPOSITORY defined so using the default value of: http://jenkins-x-chartmuseum:8080
Adding missing Helm repo: chartmuseum.jenkins-x.io http://chartmuseum.jenkins-x.io
Successfully added Helm repository chartmuseum.jenkins-x.io.
