
Showing logs for build [32mjxbitcoder-environment-cluster1-wbpxb-1[0m stage [32mfrom-build-pack[0m and container [32mstep-credential-initializer-8twmg[0m
{"level":"warn","ts":1584905218.648483,"logger":"fallback-logger","caller":"logging/config.go:69","msg":"Fetch GitHub commit ID from kodata failed: \"ref: refs/heads/0.8.0-**-support-backwards-incompats\" is not a valid GitHub commit ID"}
{"level":"info","ts":1584905218.6493225,"logger":"fallback-logger","caller":"creds-init/main.go:40","msg":"Credentials initialized."}

Showing logs for build [32mjxbitcoder-environment-cluster1-wbpxb-1[0m stage [32mfrom-build-pack[0m and container [32mstep-working-dir-initializer-pbhdp[0m
{"level":"warn","ts":1584905220.0524042,"logger":"fallback-logger","caller":"logging/config.go:69","msg":"Fetch GitHub commit ID from kodata failed: open /var/run/ko/HEAD: no such file or directory"}
{"level":"info","ts":1584905220.054259,"logger":"fallback-logger","caller":"bash/main.go:64","msg":"Successfully executed command \"sh -c mkdir -p /workspace/source\"; output "}

Showing logs for build [32mjxbitcoder-environment-cluster1-wbpxb-1[0m stage [32mfrom-build-pack[0m and container [32mstep-place-tools[0m

Showing logs for build [32mjxbitcoder-environment-cluster1-wbpxb-1[0m stage [32mfrom-build-pack[0m and container [32mstep-git-source-jxbitcoder-environment-cluster1-wbpxb-5wm62[0m
{"level":"warn","ts":1584905226.1840916,"logger":"fallback-logger","caller":"logging/config.go:69","msg":"Fetch GitHub commit ID from kodata failed: \"ref: refs/heads/0.8.0-**-support-backwards-incompats\" is not a valid GitHub commit ID"}
{"level":"info","ts":1584905227.233981,"logger":"fallback-logger","caller":"git/git.go:103","msg":"Successfully cloned https://github.com/**bitcoder/environment-cluster1-staging.git @ master in path /workspace/source"}

Showing logs for build [32mjxbitcoder-environment-cluster1-wbpxb-1[0m stage [32mfrom-build-pack[0m and container [32mstep-git-merge[0m
Using SHAs from PULL_REFS=master:afd3a5ad975b72ace6a8be94eb148a80e39360ad,7:57dea5e3928bc62c1f00b839db4cceef47a9d94c
DEBUG: LC_ALL=C JX_LOG_LEVEL=error git fetch origin --unshallow 57dea5e3928bc62c1f00b839db4cceef47a9d94c: afd3a5ad975b72ace6a8be94eb148a80e39360ad:
DEBUG: ran git fetch --unshallow origin 57dea5e3928bc62c1f00b839db4cceef47a9d94c: afd3a5ad975b72ace6a8be94eb148a80e39360ad: in 
DEBUG: LC_ALL=C JX_LOG_LEVEL=error git branch
DEBUG: LC_ALL=C JX_LOG_LEVEL=error git checkout master
DEBUG: ran git checkout master in 
DEBUG: LC_ALL=C JX_LOG_LEVEL=error git reset --hard afd3a5ad975b72ace6a8be94eb148a80e39360ad
DEBUG: ran git reset --hard afd3a5ad975b72ace6a8be94eb148a80e39360ad in 
DEBUG: LC_ALL=C JX_LOG_LEVEL=error git clean -fd .
DEBUG: ran clean --force -d . in 
DEBUG: LC_ALL=C JX_LOG_LEVEL=error git merge 57dea5e3928bc62c1f00b839db4cceef47a9d94c
DEBUG: ran git merge 57dea5e3928bc62c1f00b839db4cceef47a9d94c in 
DEBUG: LC_ALL=C JX_LOG_LEVEL=error git log --format=%H%x1f%an%x1f%ae%x1f%cn%x1f%ce%x1f%s%n%b%x1e afd3a5ad975b72ace6a8be94eb148a80e39360ad..HEAD
Merged SHA 57dea5e3928bc62c1f00b839db4cceef47a9d94c with commit message 'chore: Promote **-tutorial to version 0.0.7' into base branch master

Showing logs for build [32mjxbitcoder-environment-cluster1-wbpxb-1[0m stage [32mfrom-build-pack[0m and container [32mstep-build-helm-build[0m
WARNING: No $CHART_REPOSITORY defined so using the default value of: http://jenkins-x-chartmuseum:8080
Adding missing Helm repo: storage.googleapis.com https://storage.googleapis.com/chartmuseum.jenkins-x.io
Successfully added Helm repository storage.googleapis.com.
Adding missing Helm repo: jenkins-x-chartmuseum http://jenkins-x-chartmuseum:8080
Successfully added Helm repository jenkins-x-chartmuseum.
WARNING: No $CHART_REPOSITORY defined so using the default value of: http://jenkins-x-chartmuseum:8080
Adding missing Helm repo: chartmuseum.jenkins-x.io http://chartmuseum.jenkins-x.io
Successfully added Helm repository chartmuseum.jenkins-x.io.
