
Showing logs for build [32mjxbitcoder-environment-cluster1-z2pbm-1[0m stage [32mfrom-build-pack[0m and container [32mstep-credential-initializer-bg789[0m
{"level":"warn","ts":1584275199.2256486,"logger":"fallback-logger","caller":"logging/config.go:69","msg":"Fetch GitHub commit ID from kodata failed: \"ref: refs/heads/0.8.0-**-support-backwards-incompats\" is not a valid GitHub commit ID"}
{"level":"info","ts":1584275199.2264655,"logger":"fallback-logger","caller":"creds-init/main.go:40","msg":"Credentials initialized."}

Showing logs for build [32mjxbitcoder-environment-cluster1-z2pbm-1[0m stage [32mfrom-build-pack[0m and container [32mstep-working-dir-initializer-fh9pc[0m
{"level":"warn","ts":1584275200.2174242,"logger":"fallback-logger","caller":"logging/config.go:69","msg":"Fetch GitHub commit ID from kodata failed: open /var/run/ko/HEAD: no such file or directory"}
{"level":"info","ts":1584275200.2196677,"logger":"fallback-logger","caller":"bash/main.go:64","msg":"Successfully executed command \"sh -c mkdir -p /workspace/source\"; output "}

Showing logs for build [32mjxbitcoder-environment-cluster1-z2pbm-1[0m stage [32mfrom-build-pack[0m and container [32mstep-place-tools[0m

Showing logs for build [32mjxbitcoder-environment-cluster1-z2pbm-1[0m stage [32mfrom-build-pack[0m and container [32mstep-git-source-jxbitcoder-environment-cluster1-z2pbm-scrwf[0m
{"level":"warn","ts":1584275203.3222263,"logger":"fallback-logger","caller":"logging/config.go:69","msg":"Fetch GitHub commit ID from kodata failed: \"ref: refs/heads/0.8.0-**-support-backwards-incompats\" is not a valid GitHub commit ID"}
{"level":"info","ts":1584275204.403859,"logger":"fallback-logger","caller":"git/git.go:103","msg":"Successfully cloned https://github.com/**bitcoder/environment-cluster1-staging.git @ master in path /workspace/source"}

Showing logs for build [32mjxbitcoder-environment-cluster1-z2pbm-1[0m stage [32mfrom-build-pack[0m and container [32mstep-git-merge[0m
Using SHAs from PULL_REFS=master:a34f600c52fc3ba5feec87986ecd530d17840efa,2:0fb416256b46c74817d26a10e314b26f87e69a2e
DEBUG: LC_ALL=C JX_LOG_LEVEL=error git fetch origin --unshallow 0fb416256b46c74817d26a10e314b26f87e69a2e: a34f600c52fc3ba5feec87986ecd530d17840efa:
DEBUG: ran git fetch --unshallow origin 0fb416256b46c74817d26a10e314b26f87e69a2e: a34f600c52fc3ba5feec87986ecd530d17840efa: in 
DEBUG: LC_ALL=C JX_LOG_LEVEL=error git branch
DEBUG: LC_ALL=C JX_LOG_LEVEL=error git checkout master
DEBUG: ran git checkout master in 
DEBUG: LC_ALL=C JX_LOG_LEVEL=error git reset --hard a34f600c52fc3ba5feec87986ecd530d17840efa
DEBUG: ran git reset --hard a34f600c52fc3ba5feec87986ecd530d17840efa in 
DEBUG: LC_ALL=C JX_LOG_LEVEL=error git clean -fd .
DEBUG: ran clean --force -d . in 
DEBUG: LC_ALL=C JX_LOG_LEVEL=error git merge 0fb416256b46c74817d26a10e314b26f87e69a2e
DEBUG: ran git merge 0fb416256b46c74817d26a10e314b26f87e69a2e in 
DEBUG: LC_ALL=C JX_LOG_LEVEL=error git log --format=%H%x1f%an%x1f%ae%x1f%cn%x1f%ce%x1f%s%n%b%x1e a34f600c52fc3ba5feec87986ecd530d17840efa..HEAD
Merged SHA 0fb416256b46c74817d26a10e314b26f87e69a2e with commit message 'chore: Promote **-tutorial to version 0.0.2' into base branch master

Showing logs for build [32mjxbitcoder-environment-cluster1-z2pbm-1[0m stage [32mfrom-build-pack[0m and container [32mstep-build-helm-build[0m
WARNING: No $CHART_REPOSITORY defined so using the default value of: http://jenkins-x-chartmuseum:8080
Adding missing Helm repo: storage.googleapis.com https://storage.googleapis.com/chartmuseum.jenkins-x.io
Successfully added Helm repository storage.googleapis.com.
Adding missing Helm repo: jenkins-x-chartmuseum http://jenkins-x-chartmuseum:8080
Successfully added Helm repository jenkins-x-chartmuseum.
WARNING: No $CHART_REPOSITORY defined so using the default value of: http://jenkins-x-chartmuseum:8080
Adding missing Helm repo: chartmuseum.jenkins-x.io http://chartmuseum.jenkins-x.io
Successfully added Helm repository chartmuseum.jenkins-x.io.
