
Showing logs for build [32mjxbitcoder-environment-cluster1-v4wdz-1[0m stage [32mfrom-build-pack[0m and container [32mstep-credential-initializer-gsz46[0m
{"level":"warn","ts":1584287496.9806006,"logger":"fallback-logger","caller":"logging/config.go:69","msg":"Fetch GitHub commit ID from kodata failed: \"ref: refs/heads/0.8.0-**-support-backwards-incompats\" is not a valid GitHub commit ID"}
{"level":"info","ts":1584287496.9810977,"logger":"fallback-logger","caller":"creds-init/main.go:40","msg":"Credentials initialized."}

Showing logs for build [32mjxbitcoder-environment-cluster1-v4wdz-1[0m stage [32mfrom-build-pack[0m and container [32mstep-working-dir-initializer-n4mlm[0m
{"level":"warn","ts":1584287497.9232388,"logger":"fallback-logger","caller":"logging/config.go:69","msg":"Fetch GitHub commit ID from kodata failed: open /var/run/ko/HEAD: no such file or directory"}
{"level":"info","ts":1584287497.924948,"logger":"fallback-logger","caller":"bash/main.go:64","msg":"Successfully executed command \"sh -c mkdir -p /workspace/source\"; output "}

Showing logs for build [32mjxbitcoder-environment-cluster1-v4wdz-1[0m stage [32mfrom-build-pack[0m and container [32mstep-place-tools[0m

Showing logs for build [32mjxbitcoder-environment-cluster1-v4wdz-1[0m stage [32mfrom-build-pack[0m and container [32mstep-git-source-jxbitcoder-environment-cluster1-v4wdz-hvsvm[0m
{"level":"warn","ts":1584287501.0480053,"logger":"fallback-logger","caller":"logging/config.go:69","msg":"Fetch GitHub commit ID from kodata failed: \"ref: refs/heads/0.8.0-**-support-backwards-incompats\" is not a valid GitHub commit ID"}
{"level":"info","ts":1584287502.1221035,"logger":"fallback-logger","caller":"git/git.go:103","msg":"Successfully cloned https://github.com/**bitcoder/environment-cluster1-staging.git @ master in path /workspace/source"}

Showing logs for build [32mjxbitcoder-environment-cluster1-v4wdz-1[0m stage [32mfrom-build-pack[0m and container [32mstep-git-merge[0m
Using SHAs from PULL_REFS=master:5cee27e05c6274227bdded7afece5fbd39b9d015,5:c7fc8166ef132c695561af8fc168d9814dd23a53
DEBUG: LC_ALL=C JX_LOG_LEVEL=error git fetch origin --unshallow c7fc8166ef132c695561af8fc168d9814dd23a53: 5cee27e05c6274227bdded7afece5fbd39b9d015:
DEBUG: ran git fetch --unshallow origin c7fc8166ef132c695561af8fc168d9814dd23a53: 5cee27e05c6274227bdded7afece5fbd39b9d015: in 
DEBUG: LC_ALL=C JX_LOG_LEVEL=error git branch
DEBUG: LC_ALL=C JX_LOG_LEVEL=error git checkout master
DEBUG: ran git checkout master in 
DEBUG: LC_ALL=C JX_LOG_LEVEL=error git reset --hard 5cee27e05c6274227bdded7afece5fbd39b9d015
DEBUG: ran git reset --hard 5cee27e05c6274227bdded7afece5fbd39b9d015 in 
DEBUG: JX_LOG_LEVEL=error LC_ALL=C git clean -fd .
DEBUG: ran clean --force -d . in 
DEBUG: LC_ALL=C JX_LOG_LEVEL=error git merge c7fc8166ef132c695561af8fc168d9814dd23a53
DEBUG: ran git merge c7fc8166ef132c695561af8fc168d9814dd23a53 in 
DEBUG: LC_ALL=C JX_LOG_LEVEL=error git log --format=%H%x1f%an%x1f%ae%x1f%cn%x1f%ce%x1f%s%n%b%x1e 5cee27e05c6274227bdded7afece5fbd39b9d015..HEAD
Merged SHA c7fc8166ef132c695561af8fc168d9814dd23a53 with commit message 'chore: Promote **-tutorial to version 0.0.5' into base branch master

Showing logs for build [32mjxbitcoder-environment-cluster1-v4wdz-1[0m stage [32mfrom-build-pack[0m and container [32mstep-build-helm-build[0m
WARNING: No $CHART_REPOSITORY defined so using the default value of: http://jenkins-x-chartmuseum:8080
Adding missing Helm repo: storage.googleapis.com https://storage.googleapis.com/chartmuseum.jenkins-x.io
Successfully added Helm repository storage.googleapis.com.
Adding missing Helm repo: jenkins-x-chartmuseum http://jenkins-x-chartmuseum:8080
Successfully added Helm repository jenkins-x-chartmuseum.
WARNING: No $CHART_REPOSITORY defined so using the default value of: http://jenkins-x-chartmuseum:8080
Adding missing Helm repo: chartmuseum.jenkins-x.io http://chartmuseum.jenkins-x.io
Successfully added Helm repository chartmuseum.jenkins-x.io.
