
Showing logs for build [32mjxbitcoder-environment-cluster1-ggrnb-1[0m stage [32mfrom-build-pack[0m and container [32mstep-credential-initializer-cjw57[0m
{"level":"warn","ts":1584286774.0098658,"logger":"fallback-logger","caller":"logging/config.go:69","msg":"Fetch GitHub commit ID from kodata failed: \"ref: refs/heads/0.8.0-**-support-backwards-incompats\" is not a valid GitHub commit ID"}
{"level":"info","ts":1584286774.0107214,"logger":"fallback-logger","caller":"creds-init/main.go:40","msg":"Credentials initialized."}

Showing logs for build [32mjxbitcoder-environment-cluster1-ggrnb-1[0m stage [32mfrom-build-pack[0m and container [32mstep-working-dir-initializer-rq8ch[0m
{"level":"warn","ts":1584286774.8080091,"logger":"fallback-logger","caller":"logging/config.go:69","msg":"Fetch GitHub commit ID from kodata failed: open /var/run/ko/HEAD: no such file or directory"}
{"level":"info","ts":1584286774.8096404,"logger":"fallback-logger","caller":"bash/main.go:64","msg":"Successfully executed command \"sh -c mkdir -p /workspace/source\"; output "}

Showing logs for build [32mjxbitcoder-environment-cluster1-ggrnb-1[0m stage [32mfrom-build-pack[0m and container [32mstep-place-tools[0m

Showing logs for build [32mjxbitcoder-environment-cluster1-ggrnb-1[0m stage [32mfrom-build-pack[0m and container [32mstep-git-source-jxbitcoder-environment-cluster1-ggrnb-p8bhk[0m
{"level":"warn","ts":1584286778.9957738,"logger":"fallback-logger","caller":"logging/config.go:69","msg":"Fetch GitHub commit ID from kodata failed: \"ref: refs/heads/0.8.0-**-support-backwards-incompats\" is not a valid GitHub commit ID"}
{"level":"info","ts":1584286780.0387938,"logger":"fallback-logger","caller":"git/git.go:103","msg":"Successfully cloned https://github.com/**bitcoder/environment-cluster1-staging.git @ master in path /workspace/source"}

Showing logs for build [32mjxbitcoder-environment-cluster1-ggrnb-1[0m stage [32mfrom-build-pack[0m and container [32mstep-git-merge[0m
Using SHAs from PULL_REFS=master:481ac3469cf29b363d370bd48135b40a68ae9996,4:fe431c7efb87ebe71e12a004367dd204a4d3f49e
DEBUG: LC_ALL=C JX_LOG_LEVEL=error git fetch origin --unshallow fe431c7efb87ebe71e12a004367dd204a4d3f49e: 481ac3469cf29b363d370bd48135b40a68ae9996:
DEBUG: ran git fetch --unshallow origin fe431c7efb87ebe71e12a004367dd204a4d3f49e: 481ac3469cf29b363d370bd48135b40a68ae9996: in 
DEBUG: LC_ALL=C JX_LOG_LEVEL=error git branch
DEBUG: LC_ALL=C JX_LOG_LEVEL=error git checkout master
DEBUG: ran git checkout master in 
DEBUG: LC_ALL=C JX_LOG_LEVEL=error git reset --hard 481ac3469cf29b363d370bd48135b40a68ae9996
DEBUG: ran git reset --hard 481ac3469cf29b363d370bd48135b40a68ae9996 in 
DEBUG: LC_ALL=C JX_LOG_LEVEL=error git clean -fd .
DEBUG: ran clean --force -d . in 
DEBUG: LC_ALL=C JX_LOG_LEVEL=error git merge fe431c7efb87ebe71e12a004367dd204a4d3f49e
DEBUG: ran git merge fe431c7efb87ebe71e12a004367dd204a4d3f49e in 
DEBUG: JX_LOG_LEVEL=error LC_ALL=C git log --format=%H%x1f%an%x1f%ae%x1f%cn%x1f%ce%x1f%s%n%b%x1e 481ac3469cf29b363d370bd48135b40a68ae9996..HEAD
Merged SHA fe431c7efb87ebe71e12a004367dd204a4d3f49e with commit message 'chore: Promote **-tutorial to version 0.0.4' into base branch master

Showing logs for build [32mjxbitcoder-environment-cluster1-ggrnb-1[0m stage [32mfrom-build-pack[0m and container [32mstep-build-helm-build[0m
WARNING: No $CHART_REPOSITORY defined so using the default value of: http://jenkins-x-chartmuseum:8080
Adding missing Helm repo: storage.googleapis.com https://storage.googleapis.com/chartmuseum.jenkins-x.io
Successfully added Helm repository storage.googleapis.com.
Adding missing Helm repo: jenkins-x-chartmuseum http://jenkins-x-chartmuseum:8080
Successfully added Helm repository jenkins-x-chartmuseum.
WARNING: No $CHART_REPOSITORY defined so using the default value of: http://jenkins-x-chartmuseum:8080
Adding missing Helm repo: chartmuseum.jenkins-x.io http://chartmuseum.jenkins-x.io
Successfully added Helm repository chartmuseum.jenkins-x.io.
